<?xml version="1.0" encoding="UTF-8"?>
<testng-results ignored="0" total="1" passed="1" failed="0" skipped="0">
  <reporter-output>
  </reporter-output>
  <suite started-at="2023-10-10T14:21:31 IST" name="Suite" finished-at="2023-10-10T14:22:07 IST" duration-ms="36285">
    <groups>
    </groups>
    <test started-at="2023-10-10T14:21:31 IST" name="Test" finished-at="2023-10-10T14:22:07 IST" duration-ms="36285">
      <class name="testRunners.TestGoogle">
        <test-method signature="m1()[pri:0, instance:testRunners.TestGoogle@6aba2b86]" started-at="2023-10-10T14:21:31 IST" name="m1" finished-at="2023-10-10T14:22:07 IST" duration-ms="36251" status="PASS">
          <reporter-output>
          </reporter-output>
        </test-method> <!-- m1 -->
      </class> <!-- testRunners.TestGoogle -->
    </test> <!-- Test -->
  </suite> <!-- Suite -->
</testng-results>
